
1516534302 19.23
1516534307 22.53
1516534312 55.97
1516534317 30.22
1516534322 45.76
1516534327 49.23
1516534332 30.00
1516534337 25.81
1516534342 41.03
1516534347 35.28
1516534352 44.00
1516534357 28.78
1516534362 45.76
1516534367 26.00
1516534372 39.38
1516534377 60.55
1516534382 42.41
1516534387 26.93
1516534392 37.62
1516534397 22.96
1516534402 40.25
1516534407 46.38
1516534412 30.87
1516534417 30.12
1516534422 34.14
1516534427 34.30
1516534432 34.51
1516534437 22.94
1516534442 58.02
1516534447 34.79
1516534452 29.91
1516534457 44.79
1516534462 40.77
1516534467 29.49
1516534472 46.34
1516534477 20.84
1516534482 20.69
1516534487 42.98
1516534492 49.07
1516534497 40.15
1516534502 56.14
1516534507 60.33
1516534512 36.99
1516534517 30.76
1516534522 53.40
1516534527 23.41
1516534532 37.82
1516534537 57.93
1516534542 37.85
1516534547 39.00
1516534552 61.46
1516534557 40.56
1516534562 49.22
1516534567 44.95
1516534572 20.29
1516534577 27.78
1516534582 49.27
1516534587 55.13
1516534592 45.28
1516534597 40.99
1516534602 54.37
1516534607 31.46
1516534612 34.40
1516534617 39.73
1516534622 43.55
1516534627 44.67
1516534632 58.01
1516534637 36.74
1516534642 46.54
1516534647 55.69
1516534652 38.50
1516534657 24.71
1516534662 26.60
1516534667 38.69
1516534672 45.75
1516534677 50.05
1516534682 72.22
1516534687 43.37
1516534692 41.72
1516534697 51.13
1516534702 40.85
1516534707 15.92
1516534712 52.32
1516534717 43.49
1516534722 48.61
1516534727 61.78
1516534732 51.75
1516534737 34.52
1516534742 62.22
1516534747 36.42
1516534752 26.59
1516534757 38.59
1516534762 64.89
1516534767 33.20
1516534772 54.41
1516534777 56.23
1516534782 44.38
1516534787 36.15
1516534792 56.94
1516534797 16.07
1516534802 48.61
1516534807 77.54
1516534812 47.35
1516534817 45.49
1516534822 61.54
1516534827 43.90
1516534832 33.30
1516534837 29.96
1516534842 34.17
1516534847 35.07
1516534852 56.54
1516534857 56.14
1516534862 61.56
1516534867 61.57
1516534872 59.96
1516534877 39.00
1516534882 39.75
1516534887 29.70
1516534892 29.93
1516534897 29.47
1516534902 38.32
1516534907 34.16
1516534912 37.32
1516534917 30.41
1516534922 52.05
1516534927 28.63
1516534932 30.57
1516534937 38.11
1516534942 37.08
1516534947 29.51
1516534952 38.92
1516534957 27.84
1516534962 34.41
1516534967 38.13
1516534972 34.54
1516534977 32.95
1516534982 54.16
1516534987 39.56
1516534992 28.20
1516534997 40.58
1516535002 47.27
1516535007 25.16
1516535012 36.83
1516535017 33.26
1516535022 23.62
1516535027 31.69
1516535032 56.17
1516535037 31.08
1516535042 58.14
1516535047 51.14
1516535052 35.63
1516535057 32.08
1516535062 45.05
1516535067 22.80
1516535072 25.94
1516535077 40.33
1516535082 36.51
1516535087 28.81
1516535092 46.34
1516535097 35.83
1516535102 42.80
1516535107 34.17
1516535112 33.75
1516535117 24.84
1516535122 45.35
1516535127 33.47
1516535132 30.00
1516535137 27.09
1516535142 40.48
1516535147 30.54
1516535152 34.27
1516535157 29.30
1516535162 45.59
1516535167 36.85
1516535172 39.85
1516535177 36.83
1516535182 38.30
1516535187 31.01
1516535192 54.93
1516535197 26.67
1516535202 30.62
1516535207 36.62
1516535212 45.76
1516535217 30.62
1516535222 63.05
1516535227 37.23
1516535232 29.93
1516535237 44.92
1516535242 35.79
1516535247 20.92
1516535252 57.28
1516535257 27.97
1516535262 30.48
1516535267 45.86
1516535272 42.15
1516535277 41.74
1516535282 54.04
1516535287 37.24
1516535292 22.55
1516535297 33.89
1516535302 53.96
1516535307 29.70
1516535312 34.85
1516535317 41.27
1516535322 29.71
1516535327 34.41
1516535332 46.89
1516535337 22.01
1516535342 46.59
1516535347 44.72
1516535352 33.92
1516535357 36.38
1516535362 50.77
1516535367 36.24
1516535372 38.46
1516535377 21.15
1516535382 34.79
1516535387 31.00
1516535392 45.90
1516535397 41.24
1516535402 55.50
1516535407 47.55
1516535412 45.49
1516535417 34.75
1516535422 35.65
1516535427 30.77
1516535432 32.64
1516535437 30.91
1516535442 33.44
1516535447 41.26
1516535452 42.67
1516535457 32.19
1516535462 63.18
1516535467 29.85
1516535472 23.85
1516535477 42.36
1516535482 42.58
1516535487 28.81
1516535492 47.04
1516535497 30.04
1516535502 33.06
1516535507 43.57
1516535512 36.39
1516535517 19.58
1516535522 53.39
1516535527 40.66
1516535532 28.54
1516535537 38.42
1516535542 53.05
1516535547 29.69
1516535552 44.16
1516535557 39.23
1516535562 23.20
1516535567 31.38
1516535572 54.99
1516535577 44.50
1516535582 54.74
1516535587 47.52
1516535592 30.62
1516535597 33.26
1516535602 41.51
1516535607 24.08
1516535612 30.87
1516535617 32.11
1516535622 43.33
1516535627 37.04
1516535632 43.67
1516535637 40.77
1516535642 49.07
1516535647 26.59
1516535652 35.71
1516535657 34.48
1516535662 43.69
1516535667 39.10
1516535672 59.47
1516535677 32.64
1516535682 36.59
1516535687 40.41
1516535692 34.89
1516535697 19.24
1516535702 60.53
1516535707 38.67
1516535712 30.09
1516535717 47.26
1516535722 42.28
1516535727 28.17
1516535732 43.69
1516535737 21.92
1516535742 22.18
1516535747 43.09
1516535752 41.45
1516535757 29.63
1516535762 48.35
1516535767 48.19
1516535772 33.78
1516535777 31.84
1516535782 51.19
1516535787 19.96
1516535792 31.94
1516535797 41.49
1516535802 31.54
1516535807 34.31
1516535812 55.20
1516535817 26.59
1516535822 51.24
1516535827 37.53
1516535832 23.36
1516535837 25.76
1516535842 42.27
1516535847 22.83
1516535852 46.49
1516535857 22.18
1516535862 35.24
1516535867 29.11
1516535872 37.16
1516535877 47.47
1516535882 43.09
1516535887 25.76
1516535892 33.51
1516535897 31.78
1516535902 36.52
1516535907 31.22
1516535912 26.65
1516535917 22.99
1516535922 27.24
1516535927 33.75
1516535932 34.41
1516535937 18.76
1516535942 52.94
1516535947 29.26
1516535952 21.94
1516535957 40.56
1516535962 39.69
1516535967 21.00
1516535972 60.08
1516535977 23.41
1516535982 22.35
1516535987 39.86
1516535992 35.17
1516535997 21.94
1516536002 47.42
1516536007 51.51
1516536012 26.30
1516536017 28.33
1516536022 50.87
1516536027 19.94
1516536032 27.53
1516536037 35.91
1516536042 27.52
1516536047 28.56
1516536052 48.39
1516536057 21.26
1516536062 51.44
1516536067 100.00
1516536072 100.00
1516536077 99.90
1516536082 100.00
1516536087 100.00
1516536092 99.70
1516536097 43.98
1516536102 31.60
1516536107 28.21
1516536112 39.13
1516536117 34.24
1516536122 40.66
1516536127 27.54
1516536132 31.01
1516536137 24.21
1516536142 40.12
1516536147 33.71
1516536152 27.20
1516536157 25.70
1516536162 30.84
1516536167 25.86
1516536172 40.70
1516536177 43.63
1516536182 52.63
1516536187 28.39
1516536192 21.28
1516536197 35.59
1516536202 38.80
1516536207 23.27
1516536212 39.77
1516536217 42.37
1516536222 25.78
1516536227 34.44
1516536232 35.00
1516536237 23.41
1516536242 55.70
1516536247 28.47
1516536252 21.77
1516536257 29.63
1516536262 48.72
1516536267 21.28
1516536272 28.56
1516536277 32.11
1516536282 21.90
1516536287 25.26
1516536292 53.30
1516536297 23.52
1516536302 43.26
1516536307 39.32
1516536312 21.82
1516536317 21.62
1516536322 49.85
1516536327 23.46
1516536332 28.84
1516536337 27.87
1516536342 26.69
1516536347 25.16
1516536352 41.05
1516536357 34.79
1516536362 42.75
1516536367 32.36
1516536372 30.74
1516536377 25.60
1516536382 43.09
1516536387 32.12
1516536392 28.33
1516536397 24.92
1516536402 31.15
1516536407 22.50
1516536412 42.83
1516536417 26.85
1516536422 46.83
1516536427 28.09
1516536432 20.10
1516536437 38.26
1516536442 38.67
1516536447 22.85
1516536452 44.72
1516536457 28.20
1516536462 18.10
1516536467 40.54
1516536472 39.13
1516536477 38.42
1516536482 51.34
1516536487 34.62
1516536492 17.38
1516536497 43.09
1516536502 41.43
1516536507 22.99
1516536512 27.62
1516536517 54.94
1516536522 20.69
1516536527 30.90
1516536532 55.93
1516536537 27.33
1516536542 50.57
1516536547 40.64
1516536552 18.43
1516536557 31.60
1516536562 50.36
1516536567 19.98
1516536572 25.58
1516536577 39.03
1516536582 21.11
1516536587 31.91
1516536592 41.60
