

1516534306 .1.3.6.1.4.1.35047.1.1
1516534351 .1.3.6.1.4.1.35047.1.2
1516534396 .1.3.6.1.4.1.35047.1.3
1516534441 .1.3.6.1.4.1.35047.1.4
1516534486 .1.3.6.1.4.1.35047.1.5.1.2
1516534531 .1.3.6.1.4.1.35047.1.5.1.3
1516534576 .1.3.6.1.4.1.35047.1.5.1.4
1516534621 .1.3.6.1.4.1.35047.1.5.1.5
1516534666 .1.3.6.1.4.1.35047.1.5.1.6
1516534711 .1.3.6.1.4.1.35047.1.5.1.7
1516534756 .1.3.6.1.4.1.35047.1.5.1.8
1516534801 .1.3.6.1.4.1.35047.1.5.1.9
1516534846 .1.3.6.1.4.1.35047.1.5.1.10
1516534891 .1.3.6.1.4.1.35047.1.6
1516534936 .1.3.6.1.4.1.35047.1.7
1516534981 .1.3.6.1.4.1.35047.1.8
1516535026 .1.3.6.1.4.1.35047.1.9
1516535071 .1.3.6.1.4.1.35047.1.10
1516535116 .1.3.6.1.4.1.35047.1.11
1516535161 .1.3.6.1.4.1.35047.1.12
1516535206 .1.3.6.1.4.1.35047.1.13.1
1516535251 .1.3.6.1.4.1.35047.1.13.2
1516535296 .1.3.6.1.4.1.35047.1.13.3
1516535341 .1.3.6.1.4.1.35047.1.13.4
1516535386 .1.3.6.1.4.1.35047.1.14.1.2
1516535431 .1.3.6.1.4.1.35047.1.14.1.3
1516535476 .1.3.6.1.4.1.35047.1.14.1.4
1516535521 .1.3.6.1.4.1.35047.1.15.1.2
1516535566 .1.3.6.1.4.1.35047.1.15.1.3
1516535611 .1.3.6.1.4.1.35047.1.16.1.2
1516535656 .1.3.6.1.4.1.35047.1.16.1.3
1516535701 .1.3.6.1.4.1.35047.1.16.1.4
1516535746 .1.3.6.1.4.1.35047.1.17
1516535791 .1.3.6.1.4.1.35047.1.18
